<?xml version="1.0" encoding="UTF-8"?>
<!-- Generated by org.testng.reporters.JUnitXMLReporter -->
<testsuite ignored="0" hostname="LAPTOP-QP0F062S" failures="0" tests="3" name="Test" time="6.738" errors="0" timestamp="2023-05-29T11:56:08 IST">
  <testcase classname="com.test.verifyputTest" name="verify_put_method" time="3.934"/>
  <testcase classname="com.test.VerifyPostTest" name="verify_post_method" time="1.392"/>
  <testcase classname="com.test.verifyGetTest" name="Validation_Get_Method" time="1.35"/>
</testsuite> <!-- Test -->
