<?xml version="1.0" encoding="UTF-8"?>
<testng-results ignored="0" total="3" passed="3" failed="0" skipped="0">
  <reporter-output>
  </reporter-output>
  <suite started-at="2023-05-29T11:56:01 IST" name="Suite" finished-at="2023-05-29T11:56:08 IST" duration-ms="6738">
    <groups>
    </groups>
    <test started-at="2023-05-29T11:56:01 IST" name="Test" finished-at="2023-05-29T11:56:08 IST" duration-ms="6738">
      <class name="com.test.verifyputTest">
        <test-method signature="verify_put_method()[pri:0, instance:com.test.verifyputTest@2b4bac49]" started-at="2023-05-29T11:56:01 IST" name="verify_put_method" finished-at="2023-05-29T11:56:05 IST" duration-ms="3934" status="PASS">
          <reporter-output>
          </reporter-output>
        </test-method> <!-- verify_put_method -->
      </class> <!-- com.test.verifyputTest -->
      <class name="com.test.VerifyPostTest">
        <test-method signature="verify_post_method()[pri:0, instance:com.test.VerifyPostTest@fd07cbb]" started-at="2023-05-29T11:56:05 IST" name="verify_post_method" finished-at="2023-05-29T11:56:06 IST" duration-ms="1392" status="PASS">
          <reporter-output>
          </reporter-output>
        </test-method> <!-- verify_post_method -->
      </class> <!-- com.test.VerifyPostTest -->
      <class name="com.test.verifyGetTest">
        <test-method signature="Validation_Get_Method()[pri:0, instance:com.test.verifyGetTest@3571b748]" started-at="2023-05-29T11:56:06 IST" name="Validation_Get_Method" finished-at="2023-05-29T11:56:08 IST" duration-ms="1350" status="PASS">
          <reporter-output>
          </reporter-output>
        </test-method> <!-- Validation_Get_Method -->
      </class> <!-- com.test.verifyGetTest -->
    </test> <!-- Test -->
  </suite> <!-- Suite -->
</testng-results>
